Loading: 
Loading: 
Loading: 0 packages loaded
Analyzing: target //main:hello (0 packages loaded, 0 targets configured)
INFO: Analyzed target //main:hello (0 packages loaded, 0 targets configured).
INFO: Found 1 target...
[0 / 1] [Prepa] BazelWorkspaceStatusAction stable-status.txt
Target //main:hello up-to-date:
  bazel-bin/main/hello
INFO: Elapsed time: 0.122s, Critical Path: 0.00s
INFO: 1 process: 1 internal.
INFO: Build completed successfully, 1 total action
INFO: Running command line: bazel-bin/main/hello '--age=45' '--job=running' '--num_a=45' '--num_b=99'
I1013 14:37:30.206778 140704633489152 hello.py:24] Happy Birthday Jane Random
I1013 14:37:30.206895 140704633489152 hello.py:26] You are 45 years old, and your job is running
I1013 14:37:30.206965 140704633489152 hello.py:27] Adding two numbers: 144
Loading: 
Loading: 
Loading: 0 packages loaded
Analyzing: target //main:hello (0 packages loaded, 0 targets configured)
INFO: Analyzed target //main:hello (0 packages loaded, 0 targets configured).
INFO: Found 1 target...
[0 / 2] [Prepa] BazelWorkspaceStatusAction stable-status.txt
Target //main:hello up-to-date:
  bazel-bin/main/hello
INFO: Elapsed time: 0.150s, Critical Path: 0.00s
INFO: 1 process: 1 internal.
INFO: Build completed successfully, 1 total action
INFO: Running command line: bazel-bin/main/hello '-n=elbowai' '--age=45' '--job=running' '--num_a=45' '--num_b=99'
I1013 16:17:37.291013 140704633489152 hello.py:24] Happy Birthday elbowai
I1013 16:17:37.291107 140704633489152 hello.py:26] You are 45 years old, and your job is running
I1013 16:17:37.291160 140704633489152 hello.py:27] Adding two numbers: 144
Loading: 
Loading: 
Loading: 0 packages loaded
Analyzing: target //main:hello (0 packages loaded, 0 targets configured)
INFO: Analyzed target //main:hello (0 packages loaded, 0 targets configured).
INFO: Found 1 target...
[0 / 1] [Prepa] BazelWorkspaceStatusAction stable-status.txt
Target //main:hello up-to-date:
  bazel-bin/main/hello
INFO: Elapsed time: 0.125s, Critical Path: 0.00s
INFO: 1 process: 1 internal.
INFO: Build completed successfully, 1 total action
INFO: Running command line: bazel-bin/main/hello '-n=elbowai' '--age=45' '--job=running' '--num_a=45' '--num_b=99'
I1013 16:17:41.779087 140704633489152 hello.py:24] Happy Birthday elbowai
I1013 16:17:41.779237 140704633489152 hello.py:26] You are 45 years old, and your job is running
I1013 16:17:41.779328 140704633489152 hello.py:27] Adding two numbers: 144
Loading: 
Loading: 
Loading: 0 packages loaded
Analyzing: target //main:hello (0 packages loaded, 0 targets configured)
INFO: Analyzed target //main:hello (0 packages loaded, 0 targets configured).
INFO: Found 1 target...
[0 / 1] [Prepa] BazelWorkspaceStatusAction stable-status.txt
Target //main:hello up-to-date:
  bazel-bin/main/hello
INFO: Elapsed time: 0.225s, Critical Path: 0.01s
INFO: 1 process: 1 internal.
INFO: Build completed successfully, 1 total action
INFO: Running command line: bazel-bin/main/hello '-n=elbowai' '--age=45' '--job=running' '--num_a=45' '--num_b=99'
Traceback (most recent call last):
  File "/private/var/tmp/_bazel_tsiameh/4702e8b3c9dd9934b1fa968e1d6d2ce8/execroot/__main__/bazel-out/darwin-fastbuild/bin/main/hello.runfiles/__main__/main/hello.py", line 4, in <module>
    import utils
ModuleNotFoundError: No module named 'utils'
Loading: 
Loading: 
Loading: 0 packages loaded
Analyzing: target //main:hello (0 packages loaded, 0 targets configured)
INFO: Analyzed target //main:hello (0 packages loaded, 0 targets configured).
INFO: Found 1 target...
[0 / 1] [Prepa] BazelWorkspaceStatusAction stable-status.txt
Target //main:hello up-to-date:
  bazel-bin/main/hello
INFO: Elapsed time: 0.088s, Critical Path: 0.00s
INFO: 1 process: 1 internal.
INFO: Build completed successfully, 1 total action
INFO: Running command line: bazel-bin/main/hello '-n=elbowai' '--age=45' '--job=running' '--num_a=45' '--num_b=99'
Traceback (most recent call last):
  File "/private/var/tmp/_bazel_tsiameh/4702e8b3c9dd9934b1fa968e1d6d2ce8/execroot/__main__/bazel-out/darwin-fastbuild/bin/main/hello.runfiles/__main__/main/hello.py", line 4, in <module>
    import utils
ModuleNotFoundError: No module named 'utils'
Loading: 
Loading: 
Loading: 0 packages loaded
Analyzing: target //main:hello (0 packages loaded, 0 targets configured)
INFO: Analyzed target //main:hello (0 packages loaded, 0 targets configured).
INFO: Found 1 target...
[0 / 2] [Prepa] BazelWorkspaceStatusAction stable-status.txt
Target //main:hello up-to-date:
  bazel-bin/main/hello
INFO: Elapsed time: 0.145s, Critical Path: 0.00s
INFO: 1 process: 1 internal.
INFO: Build completed successfully, 1 total action
INFO: Running command line: bazel-bin/main/hello '-n=elbowai' '--age=45' '--job=running' '--num_a=45' '--num_b=99'
Traceback (most recent call last):
  File "/private/var/tmp/_bazel_tsiameh/4702e8b3c9dd9934b1fa968e1d6d2ce8/execroot/__main__/bazel-out/darwin-fastbuild/bin/main/hello.runfiles/__main__/main/hello.py", line 4, in <module>
    from utils import add
ModuleNotFoundError: No module named 'utils'
